<?xml version="1.0" encoding="UTF-8"?>
<!-- Generated by org.testng.reporters.JUnitXMLReporter -->
<testsuite ignored="0" hostname="welcome-PC" failures="0" tests="4" name="Default test" time="0.151" errors="0" timestamp="2023-12-13T21:46:30 IST">
  <testcase classname="TestNG.TestNGLearning" name="TestNGSample" time="0.031"/>
  <testcase classname="TestNG.TestNGLearning" name="TestNGSample" time="0.003"/>
  <testcase classname="TestNG.TestNGLearning" name="TestNGSample" time="0.006"/>
  <testcase classname="TestNG.TestNGLearning" name="TestNGSample2" time="0.002"/>
</testsuite> <!-- Default test -->
