<?xml version="1.0" encoding="UTF-8"?>
<testng-results ignored="0" total="4" passed="4" failed="0" skipped="0">
  <reporter-output>
  </reporter-output>
  <suite started-at="2023-12-13T21:46:30 IST" name="Default suite" finished-at="2023-12-13T21:46:30 IST" duration-ms="151">
    <groups>
      <group name="SMOKETEST">
        <method signature="TestNGLearning.TestNGSample()[pri:1, instance:TestNG.TestNGLearning@6a400542]" name="TestNGSample" class="TestNG.TestNGLearning"/>
      </group> <!-- SMOKETEST -->
    </groups>
    <test started-at="2023-12-13T21:46:30 IST" name="Default test" finished-at="2023-12-13T21:46:30 IST" duration-ms="151">
      <class name="TestNG.TestNGLearning">
        <test-method signature="TestNGSample()[pri:1, instance:TestNG.TestNGLearning@6a400542]" started-at="2023-12-13T21:46:30 IST" name="TestNGSample" finished-at="2023-12-13T21:46:30 IST" duration-ms="31" status="PASS">
          <reporter-output>
          </reporter-output>
        </test-method> <!-- TestNGSample -->
        <test-method signature="TestNGSample()[pri:1, instance:TestNG.TestNGLearning@6a400542]" started-at="2023-12-13T21:46:30 IST" name="TestNGSample" finished-at="2023-12-13T21:46:30 IST" duration-ms="3" status="PASS">
          <reporter-output>
          </reporter-output>
        </test-method> <!-- TestNGSample -->
        <test-method signature="TestNGSample()[pri:1, instance:TestNG.TestNGLearning@6a400542]" started-at="2023-12-13T21:46:30 IST" name="TestNGSample" finished-at="2023-12-13T21:46:30 IST" duration-ms="6" status="PASS">
          <reporter-output>
          </reporter-output>
        </test-method> <!-- TestNGSample -->
        <test-method signature="TestNGSample2()[pri:0, instance:TestNG.TestNGLearning@6a400542]" started-at="2023-12-13T21:46:30 IST" name="TestNGSample2" depends-on-groups="SMOKETEST" finished-at="2023-12-13T21:46:30 IST" depends-on-methods="TestNG.TestNGLearning.TestNGSample" duration-ms="2" status="PASS">
          <reporter-output>
          </reporter-output>
        </test-method> <!-- TestNGSample2 -->
      </class> <!-- TestNG.TestNGLearning -->
    </test> <!-- Default test -->
  </suite> <!-- Default suite -->
</testng-results>
